User belongs to experiment group 'ShowPlayIcon - start'
User belongs to experiment group 'ShowExtensionSurveyPrompt - enabled'
> conda --version
> pyenv root
> python3.7 -c "import sys;print(sys.executable)"
> python3.6 -c "import sys;print(sys.executable)"
> python3 -c "import sys;print(sys.executable)"
> python2 -c "import sys;print(sys.executable)"
> python -c "import sys;print(sys.executable)"
> python -c "import sys;print(sys.executable)"
> conda info --json
> conda env list
Starting Microsoft Python language server.
> conda env list
> /usr/bin/python3 ~/.vscode/extensions/ms-python.python-2019.11.49689/pythonFiles/interpreterInfo.py
> /usr/bin/python3 ~/.vscode/extensions/ms-python.python-2019.11.49689/pythonFiles/interpreterInfo.py
Starting Microsoft Python language server.
> /usr/bin/python3 ~/.vscode/extensions/ms-python.python-2019.11.49689/pythonFiles/interpreterInfo.py
> /usr/bin/python3 ~/.vscode/extensions/ms-python.python-2019.11.49689/pythonFiles/interpreterInfo.py
> /usr/bin/python3 ~/.vscode/extensions/ms-python.python-2019.11.49689/pythonFiles/interpreterInfo.py
> /usr/bin/python3 ~/.vscode/extensions/ms-python.python-2019.11.49689/pythonFiles/interpreterInfo.py
