[2024-08-09 09:11:09.639] [error] (query-editor)            error: cannot drop schema pg_toast because it is required by the database system
    at h.parseErrorMessage (app://./js/chunk-vendors.c58de7b6.js:135:41043)
    at handlePacket (app://./js/chunk-vendors.c58de7b6.js:135:37683)
    at h.parse (app://./js/chunk-vendors.c58de7b6.js:135:36329)
    at Socket.<anonymous> (app://./js/chunk-vendors.c58de7b6.js:309:52773)
    at Socket.emit (node:events:390:28)
    at addChunk (node:internal/streams/readable:315:12)
    at readableAddChunk (node:internal/streams/readable:289:9)
    at Socket.Readable.push (node:internal/streams/readable:228:10)
    at TCP.onStreamRead (node:internal/stream_base_commons:199:23)
[2024-09-18 13:53:33.143] [error] (query-editor)            error: relation "data_points" does not exist
    at h.parseErrorMessage (app://./js/chunk-vendors.c58de7b6.js:135:41043)
    at handlePacket (app://./js/chunk-vendors.c58de7b6.js:135:37683)
    at h.parse (app://./js/chunk-vendors.c58de7b6.js:135:36329)
    at Socket.<anonymous> (app://./js/chunk-vendors.c58de7b6.js:309:52773)
    at Socket.emit (node:events:390:28)
    at addChunk (node:internal/streams/readable:315:12)
    at readableAddChunk (node:internal/streams/readable:289:9)
    at Socket.Readable.push (node:internal/streams/readable:228:10)
    at TCP.onStreamRead (node:internal/stream_base_commons:199:23)
[2024-09-25 14:53:49.270] [error] (query-editor)            error: syntax error at or near "*"
    at h.parseErrorMessage (app://./js/chunk-vendors.c58de7b6.js:135:41043)
    at handlePacket (app://./js/chunk-vendors.c58de7b6.js:135:37683)
    at h.parse (app://./js/chunk-vendors.c58de7b6.js:135:36329)
    at Socket.<anonymous> (app://./js/chunk-vendors.c58de7b6.js:309:52773)
    at Socket.emit (node:events:390:28)
    at addChunk (node:internal/streams/readable:315:12)
    at readableAddChunk (node:internal/streams/readable:289:9)
    at Socket.Readable.push (node:internal/streams/readable:228:10)
    at TCP.onStreamRead (node:internal/stream_base_commons:199:23)
[2024-09-25 14:54:17.789] [error] (query-editor)            error: syntax error at or near "JOIN"
    at h.parseErrorMessage (app://./js/chunk-vendors.c58de7b6.js:135:41043)
    at handlePacket (app://./js/chunk-vendors.c58de7b6.js:135:37683)
    at h.parse (app://./js/chunk-vendors.c58de7b6.js:135:36329)
    at Socket.<anonymous> (app://./js/chunk-vendors.c58de7b6.js:309:52773)
    at Socket.emit (node:events:390:28)
    at addChunk (node:internal/streams/readable:315:12)
    at readableAddChunk (node:internal/streams/readable:289:9)
    at Socket.Readable.push (node:internal/streams/readable:228:10)
    at TCP.onStreamRead (node:internal/stream_base_commons:199:23)
[2024-09-25 15:15:05.587] [error] (query-editor)            error: canceling statement due to user request
    at h.parseErrorMessage (app://./js/chunk-vendors.c58de7b6.js:135:41043)
    at handlePacket (app://./js/chunk-vendors.c58de7b6.js:135:37683)
    at h.parse (app://./js/chunk-vendors.c58de7b6.js:135:36329)
    at Socket.<anonymous> (app://./js/chunk-vendors.c58de7b6.js:309:52773)
    at Socket.emit (node:events:390:28)
    at addChunk (node:internal/streams/readable:315:12)
    at readableAddChunk (node:internal/streams/readable:289:9)
    at Socket.Readable.push (node:internal/streams/readable:228:10)
    at TCP.onStreamRead (node:internal/stream_base_commons:199:23)
[2024-09-25 15:16:36.772] [error] (query-editor)            error: syntax error at or near "cf366270"
    at h.parseErrorMessage (app://./js/chunk-vendors.c58de7b6.js:135:41043)
    at handlePacket (app://./js/chunk-vendors.c58de7b6.js:135:37683)
    at h.parse (app://./js/chunk-vendors.c58de7b6.js:135:36329)
    at Socket.<anonymous> (app://./js/chunk-vendors.c58de7b6.js:309:52773)
    at Socket.emit (node:events:390:28)
    at addChunk (node:internal/streams/readable:315:12)
    at readableAddChunk (node:internal/streams/readable:289:9)
    at Socket.Readable.push (node:internal/streams/readable:228:10)
    at TCP.onStreamRead (node:internal/stream_base_commons:199:23)
