[Info  - 4:04:22 PM] Analysis cache path: /home/benny/.cache/Microsoft/Python Language Server
[Info  - 4:04:22 PM] Microsoft Python Language Server version 0.4.114.0
[Info  - 4:04:22 PM] Workspace root: /home/benny/work/TraiNER-Frontend
[Info  - 4:04:22 PM] GetCurrentSearchPaths /usr/bin/python3 
[Info  - 4:04:22 PM] Interpreter search paths:
[Info  - 4:04:22 PM]     /usr/lib/python3.7
[Info  - 4:04:22 PM]     /usr/lib/python3.7/lib-dynload
[Info  - 4:04:22 PM]     /home/benny/.local/lib/python3.7/site-packages
[Info  - 4:04:22 PM]     /usr/local/lib/python3.7/dist-packages
[Info  - 4:04:22 PM]     /usr/lib/python3/dist-packages
[Info  - 4:04:22 PM] User search paths:
[Info  - 4:04:22 PM]     /home/benny/work/TraiNER-Frontend/src
[Info  - 4:04:23 PM] Initializing for /usr/bin/python3
[Info  - 4:04:24 PM] Analysis caching mode: None.
[Info  - 9:41:56 AM] Reloading modules... 
[Info  - 9:41:56 AM] GetCurrentSearchPaths /usr/bin/python3 
[Info  - 9:41:56 AM] Interpreter search paths:
[Info  - 9:41:56 AM]     /usr/lib/python3.7
[Info  - 9:41:56 AM]     /usr/lib/python3.7/lib-dynload
[Info  - 9:41:56 AM]     /home/benny/.local/lib/python3.7/site-packages
[Info  - 9:41:56 AM]     /usr/local/lib/python3.7/dist-packages
[Info  - 9:41:56 AM]     /usr/lib/python3/dist-packages
[Info  - 9:41:56 AM] User search paths:
[Info  - 9:41:56 AM]     /home/benny/work/TraiNER-Frontend/src
[Info  - 9:41:57 AM] done.
[Info  - 9:41:57 AM] Analysis restarted.
[Info  - 10:10:51 AM] Reloading modules... 
[Info  - 10:10:51 AM] GetCurrentSearchPaths /usr/bin/python3 
[Info  - 10:10:51 AM] Interpreter search paths:
[Info  - 10:10:51 AM]     /usr/lib/python3.7
[Info  - 10:10:51 AM]     /usr/lib/python3.7/lib-dynload
[Info  - 10:10:51 AM]     /home/benny/.local/lib/python3.7/site-packages
[Info  - 10:10:51 AM]     /usr/local/lib/python3.7/dist-packages
[Info  - 10:10:51 AM]     /usr/lib/python3/dist-packages
[Info  - 10:10:51 AM] User search paths:
[Info  - 10:10:51 AM]     /home/benny/work/TraiNER-Frontend/src
[Info  - 10:10:52 AM] done.
[Info  - 10:10:52 AM] Analysis restarted.
[Info  - 10:10:56 AM] Reloading modules... 
[Info  - 10:10:56 AM] GetCurrentSearchPaths /usr/bin/python3 
[Info  - 10:10:56 AM] Interpreter search paths:
[Info  - 10:10:56 AM]     /usr/lib/python3.7
[Info  - 10:10:56 AM]     /usr/lib/python3.7/lib-dynload
[Info  - 10:10:56 AM]     /home/benny/.local/lib/python3.7/site-packages
[Info  - 10:10:56 AM]     /usr/local/lib/python3.7/dist-packages
[Info  - 10:10:56 AM]     /usr/lib/python3/dist-packages
[Info  - 10:10:56 AM] User search paths:
[Info  - 10:10:56 AM]     /home/benny/work/TraiNER-Frontend/src
[Info  - 10:10:57 AM] done.
[Info  - 10:10:57 AM] Analysis restarted.
[Info  - 10:11:28 AM] Reloading modules... 
[Info  - 10:11:28 AM] GetCurrentSearchPaths /usr/bin/python3 
[Info  - 10:11:28 AM] Interpreter search paths:
[Info  - 10:11:28 AM]     /usr/lib/python3.7
[Info  - 10:11:28 AM]     /usr/lib/python3.7/lib-dynload
[Info  - 10:11:28 AM]     /home/benny/.local/lib/python3.7/site-packages
[Info  - 10:11:28 AM]     /usr/local/lib/python3.7/dist-packages
[Info  - 10:11:28 AM]     /usr/lib/python3/dist-packages
[Info  - 10:11:28 AM] User search paths:
[Info  - 10:11:28 AM]     /home/benny/work/TraiNER-Frontend/src
[Info  - 10:11:29 AM] done.
[Info  - 10:11:29 AM] Analysis restarted.
[Info  - 10:11:29 AM] Reloading modules... 
[Info  - 10:11:29 AM] GetCurrentSearchPaths /usr/bin/python3 
[Info  - 10:11:29 AM] Interpreter search paths:
[Info  - 10:11:29 AM]     /usr/lib/python3.7
[Info  - 10:11:29 AM]     /usr/lib/python3.7/lib-dynload
[Info  - 10:11:29 AM]     /home/benny/.local/lib/python3.7/site-packages
[Info  - 10:11:29 AM]     /usr/local/lib/python3.7/dist-packages
[Info  - 10:11:29 AM]     /usr/lib/python3/dist-packages
[Info  - 10:11:29 AM] User search paths:
[Info  - 10:11:29 AM]     /home/benny/work/TraiNER-Frontend/src
[Info  - 10:11:31 AM] done.
[Info  - 10:11:31 AM] Analysis restarted.
[Info  - 10:12:05 AM] Reloading modules... 
[Info  - 10:12:05 AM] GetCurrentSearchPaths /usr/bin/python3 
[Info  - 10:12:05 AM] Interpreter search paths:
[Info  - 10:12:05 AM]     /usr/lib/python3.7
[Info  - 10:12:05 AM]     /usr/lib/python3.7/lib-dynload
[Info  - 10:12:05 AM]     /home/benny/.local/lib/python3.7/site-packages
[Info  - 10:12:05 AM]     /usr/local/lib/python3.7/dist-packages
[Info  - 10:12:05 AM]     /usr/lib/python3/dist-packages
[Info  - 10:12:05 AM] User search paths:
[Info  - 10:12:05 AM]     /home/benny/work/TraiNER-Frontend/src
[Info  - 10:12:06 AM] done.
[Info  - 10:12:06 AM] Analysis restarted.
[Info  - 10:12:11 AM] Reloading modules... 
[Info  - 10:12:11 AM] GetCurrentSearchPaths /usr/bin/python3 
[Info  - 10:12:11 AM] Interpreter search paths:
[Info  - 10:12:11 AM]     /usr/lib/python3.7
[Info  - 10:12:11 AM]     /usr/lib/python3.7/lib-dynload
[Info  - 10:12:11 AM]     /home/benny/.local/lib/python3.7/site-packages
[Info  - 10:12:11 AM]     /usr/local/lib/python3.7/dist-packages
[Info  - 10:12:11 AM]     /usr/lib/python3/dist-packages
[Info  - 10:12:11 AM] User search paths:
[Info  - 10:12:11 AM]     /home/benny/work/TraiNER-Frontend/src
[Info  - 10:12:12 AM] done.
[Info  - 10:12:12 AM] Analysis restarted.
