INFO: 2019-02-25 08:32:19,518: perform_upgrade() 'Last run version was 0.7.1 or earlier, current version is 0.7.1'
INFO: 2019-02-25 08:32:19,627: process_command() 'Received command: []'
INFO: 2019-02-25 08:32:19,628: load_banned() 'Missing or invalid banned URLs list, no URLs will be banned'
INFO: 2019-02-25 08:32:19,637: load() 'Jumble loading'
INFO: 2019-02-25 08:32:19,638: _walk_modules() 'Jumble loading module in __init__ from /usr/share/variety/plugins/__init__.py'
INFO: 2019-02-25 08:32:19,640: _walk_modules() 'Jumble loading module in QuotationsPageSource from /usr/share/variety/plugins/quotes/QuotationsPageSource.py'
INFO: 2019-02-25 08:32:19,656: load() 'Jumble found plugin class: <class 'QuotationsPageSource.QuotationsPageSource'>: {'name': 'TheQuotationsPage.com', 'description': 'Fetches quotes from TheQuotationsPage.com', 'author': 'Peter Levi', 'version': '0.1'}'
INFO: 2019-02-25 08:32:19,657: _walk_modules() 'Jumble loading module in QuotesDaddySource from /usr/share/variety/plugins/quotes/QuotesDaddySource.py'
INFO: 2019-02-25 08:32:19,657: load() 'Jumble found plugin class: <class 'QuotesDaddySource.QuotesDaddySource'>: {'name': 'QuotesDaddy', 'description': "Fetches quotes from QuotesDaddy's daily quotes RSS feed.\nDoes not support searching by tags or authors.", 'author': 'Peter Levi', 'version': '0.1'}'
INFO: 2019-02-25 08:32:19,658: _walk_modules() 'Jumble loading module in __init__ from /usr/share/variety/plugins/quotes/__init__.py'
INFO: 2019-02-25 08:32:19,658: _walk_modules() 'Jumble loading module in GoodreadsSource from /usr/share/variety/plugins/quotes/GoodreadsSource.py'
INFO: 2019-02-25 08:32:19,659: load() 'Jumble found plugin class: <class 'GoodreadsSource.GoodreadsSource'>: {'name': 'Goodreads', 'description': 'Fetches quotes from Goodreads.com', 'author': 'Peter Levi', 'version': '0.1'}'
INFO: 2019-02-25 08:32:19,659: _walk_modules() 'Jumble loading module in LocalFilesSource from /usr/share/variety/plugins/quotes/LocalFilesSource.py'
INFO: 2019-02-25 08:32:19,660: load() 'Jumble found plugin class: <class 'LocalFilesSource.LocalFilesSource'>: {'name': 'Local text files', 'description': 'Displays quotes, defined in local text files.\nPut your own txt files in: ~/.config/variety/pluginconfig/quotes/.\nThe file format is:\n\nquote -- author\n.\nsecond quote -- another author\n.\netc...\n\nExample: http://rvelthuis.de/zips/quotes.txt', 'author': 'Peter Levi', 'version': '0.1'}'
INFO: 2019-02-25 08:32:19,663: log_options() 'Loaded options:'
INFO: 2019-02-25 08:32:19,663: log_options() 'change_enabled = True'
INFO: 2019-02-25 08:32:19,663: log_options() 'change_interval = 1200'
INFO: 2019-02-25 08:32:19,663: log_options() 'change_on_start = False'
INFO: 2019-02-25 08:32:19,663: log_options() 'clipboard_enabled = False'
INFO: 2019-02-25 08:32:19,663: log_options() 'clipboard_hosts = ['wallhaven.cc', 'ns223506.ovh.net', 'wallpapers.net', 'flickr.com', 'imgur.com', 'deviantart.com', 'interfacelift.com', 'vladstudio.com', 'imageshack.us']'
INFO: 2019-02-25 08:32:19,663: log_options() 'clipboard_use_whitelist = True'
INFO: 2019-02-25 08:32:19,663: log_options() 'clock_date_font = Ubuntu Condensed, 30'
INFO: 2019-02-25 08:32:19,663: log_options() 'clock_enabled = False'
INFO: 2019-02-25 08:32:19,663: log_options() 'clock_filter = -density 100 -font `fc-match -f '%{file[0]}' '%CLOCK_FONT_NAME'` -pointsize %CLOCK_FONT_SIZE -gravity SouthEast -fill '#00000044' -annotate 0x0+[%HOFFSET+58]+[%VOFFSET+108] '%H:%M' -fill white -annotate 0x0+[%HOFFSET+60]+[%VOFFSET+110] '%H:%M' -font `fc-match -f '%{file[0]}' '%DATE_FONT_NAME'` -pointsize %DATE_FONT_SIZE -fill '#00000044' -annotate 0x0+[%HOFFSET+58]+[%VOFFSET+58] '%A, %B %d' -fill white -annotate 0x0+[%HOFFSET+60]+[%VOFFSET+60] '%A, %B %d''
INFO: 2019-02-25 08:32:19,663: log_options() 'clock_font = Ubuntu Condensed, 70'
INFO: 2019-02-25 08:32:19,664: log_options() 'configfile = /home/benny/.config/variety/variety.conf'
INFO: 2019-02-25 08:32:19,664: log_options() 'copyto_enabled = False'
INFO: 2019-02-25 08:32:19,664: log_options() 'copyto_folder = Default'
INFO: 2019-02-25 08:32:19,664: log_options() 'desired_color = [160, 160, 160]'
INFO: 2019-02-25 08:32:19,664: log_options() 'desired_color_enabled = False'
INFO: 2019-02-25 08:32:19,664: log_options() 'download_enabled = False'
INFO: 2019-02-25 08:32:19,664: log_options() 'download_folder = /home/benny/.config/variety/Downloaded'
INFO: 2019-02-25 08:32:19,664: log_options() 'download_interval = 600'
INFO: 2019-02-25 08:32:19,664: log_options() 'favorites_folder = /home/benny/.config/variety/Favorites'
INFO: 2019-02-25 08:32:19,664: log_options() 'favorites_operations = [['Downloaded', 'Copy'], ['Fetched', 'Move'], ['Others', 'Copy']]'
INFO: 2019-02-25 08:32:19,664: log_options() 'fetched_folder = /home/benny/.config/variety/Fetched'
INFO: 2019-02-25 08:32:19,664: log_options() 'filters = [[True, 'Keep original', ''], [False, 'Grayscale', '-type Grayscale'], [False, 'Heavy blur', '-blur 120x40'], [False, 'Soft blur', '-blur 20x7'], [False, 'Oil painting', '-paint 8'], [False, 'Pencil sketch', '-colorspace gray \\( +clone -tile ~/.config/variety/pencil_tile.png -draw "color 0,0 reset" +clone +swap -compose color_dodge -composite \\) -fx \'u*.2+v*.8\''], [False, 'Pointilism', '-spread 10 -noise 3'], [False, 'Pixellate', '-scale 3% -scale 3333%']]'
INFO: 2019-02-25 08:32:19,664: log_options() 'icon = None'
INFO: 2019-02-25 08:32:19,664: log_options() 'lightness_enabled = False'
INFO: 2019-02-25 08:32:19,664: log_options() 'lightness_mode = 0'
INFO: 2019-02-25 08:32:19,664: log_options() 'min_rating = 4'
INFO: 2019-02-25 08:32:19,664: log_options() 'min_rating_enabled = False'
INFO: 2019-02-25 08:32:19,664: log_options() 'min_size = 80'
INFO: 2019-02-25 08:32:19,664: log_options() 'min_size_enabled = False'
INFO: 2019-02-25 08:32:19,664: log_options() 'quota_enabled = True'
INFO: 2019-02-25 08:32:19,664: log_options() 'quota_size = 500'
INFO: 2019-02-25 08:32:19,664: log_options() 'quotes_authors = '
INFO: 2019-02-25 08:32:19,664: log_options() 'quotes_bg_color = [80, 80, 80]'
INFO: 2019-02-25 08:32:19,664: log_options() 'quotes_bg_opacity = 55'
INFO: 2019-02-25 08:32:19,664: log_options() 'quotes_change_enabled = False'
INFO: 2019-02-25 08:32:19,664: log_options() 'quotes_change_interval = 300'
INFO: 2019-02-25 08:32:19,664: log_options() 'quotes_disabled_sources = ['QuotesDaddy']'
INFO: 2019-02-25 08:32:19,664: log_options() 'quotes_enabled = False'
INFO: 2019-02-25 08:32:19,664: log_options() 'quotes_favorites_file = /home/benny/.config/variety/favorite_quotes.txt'
INFO: 2019-02-25 08:32:19,664: log_options() 'quotes_font = Bitstream Charter 30'
INFO: 2019-02-25 08:32:19,664: log_options() 'quotes_hpos = 100'
INFO: 2019-02-25 08:32:19,664: log_options() 'quotes_tags = '
INFO: 2019-02-25 08:32:19,665: log_options() 'quotes_text_color = [255, 255, 255]'
INFO: 2019-02-25 08:32:19,665: log_options() 'quotes_text_shadow = False'
INFO: 2019-02-25 08:32:19,665: log_options() 'quotes_vpos = 40'
INFO: 2019-02-25 08:32:19,665: log_options() 'quotes_width = 70'
INFO: 2019-02-25 08:32:19,665: log_options() 'safe_mode = False'
INFO: 2019-02-25 08:32:19,665: log_options() 'slideshow_custom_enabled = False'
INFO: 2019-02-25 08:32:19,665: log_options() 'slideshow_custom_folder = /home/benny/Pictures'
INFO: 2019-02-25 08:32:19,665: log_options() 'slideshow_downloads_enabled = False'
INFO: 2019-02-25 08:32:19,665: log_options() 'slideshow_fade = 0.4'
INFO: 2019-02-25 08:32:19,665: log_options() 'slideshow_favorites_enabled = True'
INFO: 2019-02-25 08:32:19,665: log_options() 'slideshow_mode = Fullscreen'
INFO: 2019-02-25 08:32:19,665: log_options() 'slideshow_monitor = All'
INFO: 2019-02-25 08:32:19,665: log_options() 'slideshow_pan = 0.05'
INFO: 2019-02-25 08:32:19,665: log_options() 'slideshow_seconds = 6.0'
INFO: 2019-02-25 08:32:19,665: log_options() 'slideshow_sort_order = Random'
INFO: 2019-02-25 08:32:19,665: log_options() 'slideshow_sources_enabled = True'
INFO: 2019-02-25 08:32:19,665: log_options() 'slideshow_zoom = 0.2'
INFO: 2019-02-25 08:32:19,665: log_options() 'smart_enabled = True'
INFO: 2019-02-25 08:32:19,665: log_options() 'smart_notice_shown = True'
INFO: 2019-02-25 08:32:19,665: log_options() 'smart_register_shown = True'
INFO: 2019-02-25 08:32:19,665: log_options() 'sources = [[False, 3, 'The Favorites folder'], [False, 4, 'The Fetched folder'], [False, 2, '/usr/share/backgrounds'], [False, 6, 'Random wallpapers from Desktoppr.co'], [False, 15, 'Bing Photo of the Day'], [False, 16, 'High-resolution photos from Unsplash.com'], [False, 8, "NASA's Astronomy Picture of the Day"], [False, 11, 'World Sunlight Map - live wallpaper from Die.net'], [False, 7, 'user:www.flickr.com/photos/peter-levi/;user_id:93647178@N00;'], [True, 2, '/home/benny/Pictures/wallpaper']]'
INFO: 2019-02-25 08:32:19,665: log_options() 'stats_enabled = True'
INFO: 2019-02-25 08:32:19,665: log_options() 'stats_notice_shown = True'
INFO: 2019-02-25 08:32:19,665: log_options() 'sync_enabled = True'
INFO: 2019-02-25 08:32:19,665: log_options() 'use_landscape_enabled = True'
INFO: 2019-02-25 08:32:19,665: reload_config() 'No need to clear prepared queue'
INFO: 2019-02-25 08:32:19,666: load_last_change_time() 'Change interval < 6 hours, ignore persisted last_change_time, wait initially the whole interval: 1200'
INFO: 2019-02-25 08:32:19,666: update_indicator() 'Setting file info to: /home/benny/Pictures/wallpaper/wallhaven-6688.png'
INFO: 2019-02-25 08:32:19,676: regular_change_thread() 'regular_change thread running'
INFO: 2019-02-25 08:32:19,676: prepare_thread() 'Prepare thread running'
INFO: 2019-02-25 08:32:19,677: prepare_thread() 'Prepared buffer contains 0 images'
INFO: 2019-02-25 08:32:19,677: prepare_thread() 'Preparing some images'
INFO: 2019-02-25 08:32:19,678: update_indicator() 'Setting file info to: /home/benny/Pictures/wallpaper/wallhaven-6688.png'
INFO: 2019-02-25 08:32:19,704: prepare_thread() 'After search prepared buffer contains 50 images'
INFO: 2019-02-25 08:32:19,766: do_set_wp() 'Calling do_set_wp with /home/benny/Pictures/wallpaper/wallhaven-6688.png, time: 1551079939.7662482'
INFO: 2019-02-25 08:32:19,774: update_indicator() 'Setting file info to: /home/benny/Pictures/wallpaper/wallhaven-6688.png'
INFO: 2019-02-25 08:32:21,127: reload() 'Reloading preferences dialog'
INFO: 2019-02-25 08:32:39,682: server_options_thread() 'Fetching server options from http://tiny.cc/variety-options-063'
INFO: 2019-02-25 08:32:40,615: server_options_thread() 'Fetched server options: {'flickr': {'min_fill_queue_interval': 1200, 'min_download_interval': 1200}, 'wallbase': {'min_fill_queue_interval': 1800, 'min_download_interval': 1800}, 'wallhaven': {'min_fill_queue_interval': 1800, 'min_download_interval': 1800}, 'wallpapers.net': {'min_fill_queue_interval': 600, 'min_download_interval': 0}, 'unsplash': {'min_fill_queue_interval': 20000000000, 'min_download_interval': 20000000000}, 'unsplash_v2': {'min_fill_queue_interval': 1800, 'min_download_interval': 600}, 'status_message': {'0.0.1': '', '*': ''}}'
INFO: 2019-02-25 08:52:19,666: regular_change_thread() 'regular_change changes wallpaper'
INFO: 2019-02-25 08:52:19,666: set_wallpaper() 'Calling set_wallpaper with /home/benny/Pictures/wallpaper/wallhaven-78304.png'
INFO: 2019-02-25 08:52:19,667: prepare_thread() 'Prepared buffer contains 49 images'
INFO: 2019-02-25 08:52:19,667: do_set_wp() 'Calling do_set_wp with /home/benny/Pictures/wallpaper/wallhaven-78304.png, time: 1551081139.6679106'
INFO: 2019-02-25 08:52:19,681: update_indicator() 'Setting file info to: /home/benny/Pictures/wallpaper/wallhaven-78304.png'
INFO: 2019-02-25 09:12:19,937: regular_change_thread() 'regular_change changes wallpaper'
INFO: 2019-02-25 09:12:19,938: set_wallpaper() 'Calling set_wallpaper with /home/benny/Pictures/wallpaper/login.png'
INFO: 2019-02-25 09:12:19,938: prepare_thread() 'Prepared buffer contains 48 images'
INFO: 2019-02-25 09:12:19,939: do_set_wp() 'Calling do_set_wp with /home/benny/Pictures/wallpaper/login.png, time: 1551082339.939523'
INFO: 2019-02-25 09:12:19,948: update_indicator() 'Setting file info to: /home/benny/Pictures/wallpaper/login.png'
INFO: 2019-02-25 09:32:20,210: regular_change_thread() 'regular_change changes wallpaper'
INFO: 2019-02-25 09:32:20,210: set_wallpaper() 'Calling set_wallpaper with /home/benny/Pictures/wallpaper/Normandy.png'
INFO: 2019-02-25 09:32:20,211: do_set_wp() 'Calling do_set_wp with /home/benny/Pictures/wallpaper/Normandy.png, time: 1551083540.2110126'
INFO: 2019-02-25 09:32:20,211: prepare_thread() 'Prepared buffer contains 47 images'
INFO: 2019-02-25 09:32:20,221: update_indicator() 'Setting file info to: /home/benny/Pictures/wallpaper/Normandy.png'
INFO: 2019-02-25 09:52:20,544: regular_change_thread() 'regular_change changes wallpaper'
INFO: 2019-02-25 09:52:20,544: set_wallpaper() 'Calling set_wallpaper with /home/benny/Pictures/wallpaper/wallhaven-648682.png'
INFO: 2019-02-25 09:52:20,545: prepare_thread() 'Prepared buffer contains 46 images'
INFO: 2019-02-25 09:52:20,546: do_set_wp() 'Calling do_set_wp with /home/benny/Pictures/wallpaper/wallhaven-648682.png, time: 1551084740.5461257'
INFO: 2019-02-25 09:52:20,570: update_indicator() 'Setting file info to: /home/benny/Pictures/wallpaper/wallhaven-648682.png'
