[2019-11-21 16:05:29.269] [renderer1] [error] timeout after 500 ms: Error: timeout after 500 ms
    at t.RawDebugSession.handleErrorResponse (file:///usr/share/code/resources/app/out/vs/workbench/workbench.desktop.main.js:2798:1003)
    at file:///usr/share/code/resources/app/out/vs/workbench/workbench.desktop.main.js:2798:434
    at async t.RawDebugSession.shutdown (file:///usr/share/code/resources/app/out/vs/workbench/workbench.desktop.main.js:2796:536)
    at async R.terminate (file:///usr/share/code/resources/app/out/vs/workbench/workbench.desktop.main.js:5173:637)
[2019-11-26 17:02:12.213] [renderer1] [error] name must not be falsy: Error: name must not be falsy
	at Function.validate (/usr/share/code/resources/app/out/vs/workbench/services/extensions/node/extensionHostProcess.js:365:239)
	at new y (/usr/share/code/resources/app/out/vs/workbench/services/extensions/node/extensionHostProcess.js:365:188)
	at new y (/usr/share/code/resources/app/out/vs/workbench/services/extensions/node/extensionHostProcess.js:354:169)
	at asSymbolInformation (/home/benny/.vscode/extensions/octref.vetur-0.22.6/node_modules/vscode-languageclient/lib/protocolConverter.js:411:22)
	at /home/benny/.vscode/extensions/octref.vetur-0.22.6/node_modules/vscode-languageclient/lib/protocolConverter.js:400:42
	at Array.map (<anonymous>)
	at Object.asSymbolInformations (/home/benny/.vscode/extensions/octref.vetur-0.22.6/node_modules/vscode-languageclient/lib/protocolConverter.js:400:23)
	at /home/benny/.vscode/extensions/octref.vetur-0.22.6/node_modules/vscode-languageclient/lib/client.js:1005:62
[2019-11-26 17:02:16.889] [renderer1] [error] name must not be falsy: Error: name must not be falsy
	at Function.validate (/usr/share/code/resources/app/out/vs/workbench/services/extensions/node/extensionHostProcess.js:365:239)
	at new y (/usr/share/code/resources/app/out/vs/workbench/services/extensions/node/extensionHostProcess.js:365:188)
	at new y (/usr/share/code/resources/app/out/vs/workbench/services/extensions/node/extensionHostProcess.js:354:169)
	at asSymbolInformation (/home/benny/.vscode/extensions/octref.vetur-0.22.6/node_modules/vscode-languageclient/lib/protocolConverter.js:411:22)
	at /home/benny/.vscode/extensions/octref.vetur-0.22.6/node_modules/vscode-languageclient/lib/protocolConverter.js:400:42
	at Array.map (<anonymous>)
	at Object.asSymbolInformations (/home/benny/.vscode/extensions/octref.vetur-0.22.6/node_modules/vscode-languageclient/lib/protocolConverter.js:400:23)
	at /home/benny/.vscode/extensions/octref.vetur-0.22.6/node_modules/vscode-languageclient/lib/client.js:1005:62
