[2019-11-21 16:04:19.849] [exthost] [info] extension host started
[2019-11-21 16:04:19.866] [exthost] [info] ExtensionService#_doActivateExtension GrapeCity.gc-excelviewer {"startup":false,"extensionId":{"value":"GrapeCity.gc-excelviewer","_lower":"grapecity.gc-excelviewer"},"activationEvent":"onLanguage:plaintext"}
[2019-11-21 16:04:19.866] [exthost] [info] ExtensionService#loadCommonJSModule file:///home/benny/.vscode/extensions/grapecity.gc-excelviewer-2.1.32/dist/extension
[2019-11-21 16:04:19.920] [exthost] [info] ExtensionService#_doActivateExtension vscode.python {"startup":false,"extensionId":{"value":"vscode.python","_lower":"vscode.python"},"activationEvent":"onLanguage:python"}
[2019-11-21 16:04:19.920] [exthost] [info] ExtensionService#loadCommonJSModule file:///usr/share/code/resources/app/extensions/python/dist/pythonMain
[2019-11-21 16:04:19.921] [exthost] [info] ExtensionService#_doActivateExtension ms-python.python {"startup":false,"extensionId":{"value":"ms-python.python","_lower":"ms-python.python"},"activationEvent":"onLanguage:python"}
[2019-11-21 16:04:19.921] [exthost] [info] ExtensionService#loadCommonJSModule file:///home/benny/.vscode/extensions/ms-python.python-2019.11.49689/out/client/extension
[2019-11-21 16:04:20.100] [exthost] [info] ExtensionService#_doActivateExtension VisualStudioExptTeam.vscodeintellicode {"startup":false,"extensionId":{"value":"VisualStudioExptTeam.vscodeintellicode","_lower":"visualstudioexptteam.vscodeintellicode"},"activationEvent":"onLanguage:python"}
[2019-11-21 16:04:20.100] [exthost] [info] ExtensionService#loadCommonJSModule file:///home/benny/.vscode/extensions/visualstudioexptteam.vscodeintellicode-1.2.0/dist/intellicode
[2019-11-21 16:04:20.143] [exthost] [info] ExtensionService#_doActivateExtension vscode.debug-auto-launch {"startup":true,"extensionId":{"value":"vscode.debug-auto-launch","_lower":"vscode.debug-auto-launch"},"activationEvent":"*"}
[2019-11-21 16:04:20.143] [exthost] [info] ExtensionService#loadCommonJSModule file:///usr/share/code/resources/app/extensions/debug-auto-launch/dist/extension
[2019-11-21 16:04:20.145] [exthost] [info] ExtensionService#_doActivateExtension vscode.emmet {"startup":true,"extensionId":{"value":"vscode.emmet","_lower":"vscode.emmet"},"activationEvent":"*"}
[2019-11-21 16:04:20.145] [exthost] [info] ExtensionService#loadCommonJSModule file:///usr/share/code/resources/app/extensions/emmet/dist/extension
[2019-11-21 16:04:20.162] [exthost] [info] ExtensionService#_doActivateExtension vscode.git {"startup":true,"extensionId":{"value":"vscode.git","_lower":"vscode.git"},"activationEvent":"*"}
[2019-11-21 16:04:20.163] [exthost] [info] ExtensionService#loadCommonJSModule file:///usr/share/code/resources/app/extensions/git/dist/main
[2019-11-21 16:04:20.192] [exthost] [info] ExtensionService#_doActivateExtension vscode.merge-conflict {"startup":true,"extensionId":{"value":"vscode.merge-conflict","_lower":"vscode.merge-conflict"},"activationEvent":"*"}
[2019-11-21 16:04:20.192] [exthost] [info] ExtensionService#loadCommonJSModule file:///usr/share/code/resources/app/extensions/merge-conflict/dist/extension
[2019-11-21 16:04:20.194] [exthost] [info] ExtensionService#_doActivateExtension christian-kohler.path-intellisense {"startup":true,"extensionId":{"value":"christian-kohler.path-intellisense","_lower":"christian-kohler.path-intellisense"},"activationEvent":"*"}
[2019-11-21 16:04:20.194] [exthost] [info] ExtensionService#loadCommonJSModule file:///home/benny/.vscode/extensions/christian-kohler.path-intellisense-1.4.2/out/src/extension
[2019-11-21 16:04:20.201] [exthost] [info] ExtensionService#_doActivateExtension CoenraadS.bracket-pair-colorizer-2 {"startup":true,"extensionId":{"value":"CoenraadS.bracket-pair-colorizer-2","_lower":"coenraads.bracket-pair-colorizer-2"},"activationEvent":"*"}
[2019-11-21 16:04:20.201] [exthost] [info] ExtensionService#loadCommonJSModule file:///home/benny/.vscode/extensions/coenraads.bracket-pair-colorizer-2-0.0.28/out/src/extension
[2019-11-21 16:04:20.209] [exthost] [info] ExtensionService#_doActivateExtension eamodio.gitlens {"startup":true,"extensionId":{"value":"eamodio.gitlens","_lower":"eamodio.gitlens"},"activationEvent":"*"}
[2019-11-21 16:04:20.209] [exthost] [info] ExtensionService#loadCommonJSModule file:///home/benny/.vscode/extensions/eamodio.gitlens-10.2.0/dist/extension
[2019-11-21 16:04:20.255] [exthost] [info] ExtensionService#_doActivateExtension Equinusocio.vsc-material-theme {"startup":true,"extensionId":{"value":"Equinusocio.vsc-material-theme","_lower":"equinusocio.vsc-material-theme"},"activationEvent":"*"}
[2019-11-21 16:04:20.256] [exthost] [info] ExtensionService#loadCommonJSModule file:///home/benny/.vscode/extensions/equinusocio.vsc-material-theme-30.0.0/out/src/material.theme.config
[2019-11-21 16:04:20.261] [exthost] [info] ExtensionService#_doActivateExtension HookyQR.beautify {"startup":true,"extensionId":{"value":"HookyQR.beautify","_lower":"hookyqr.beautify"},"activationEvent":"*"}
[2019-11-21 16:04:20.261] [exthost] [info] ExtensionService#loadCommonJSModule file:///home/benny/.vscode/extensions/hookyqr.beautify-1.5.0/extension
[2019-11-21 16:04:20.295] [exthost] [info] ExtensionService#_doActivateExtension ms-vscode.atom-keybindings {"startup":true,"extensionId":{"value":"ms-vscode.atom-keybindings","_lower":"ms-vscode.atom-keybindings"},"activationEvent":"*"}
[2019-11-21 16:04:20.296] [exthost] [info] ExtensionService#loadCommonJSModule file:///home/benny/.vscode/extensions/ms-vscode.atom-keybindings-3.0.6/extension
[2019-11-21 16:04:20.296] [exthost] [info] ExtensionService#_doActivateExtension ms-vscode.sublime-keybindings {"startup":true,"extensionId":{"value":"ms-vscode.sublime-keybindings","_lower":"ms-vscode.sublime-keybindings"},"activationEvent":"*"}
[2019-11-21 16:04:20.296] [exthost] [info] ExtensionService#loadCommonJSModule file:///home/benny/.vscode/extensions/ms-vscode.sublime-keybindings-4.0.3/out/extension
[2019-11-21 16:04:20.299] [exthost] [info] ExtensionService#_doActivateExtension vscode-icons-team.vscode-icons {"startup":true,"extensionId":{"value":"vscode-icons-team.vscode-icons","_lower":"vscode-icons-team.vscode-icons"},"activationEvent":"*"}
[2019-11-21 16:04:20.299] [exthost] [info] ExtensionService#loadCommonJSModule file:///home/benny/.vscode/extensions/vscode-icons-team.vscode-icons-9.5.0/dist/src/vscode-icons.bundle.js
[2019-11-21 16:04:20.332] [exthost] [info] ExtensionService#_doActivateExtension zhuangtongfa.material-theme {"startup":true,"extensionId":{"value":"zhuangtongfa.material-theme","_lower":"zhuangtongfa.material-theme"},"activationEvent":"*"}
[2019-11-21 16:04:20.332] [exthost] [info] ExtensionService#loadCommonJSModule file:///home/benny/.vscode/extensions/zhuangtongfa.material-theme-3.0.3/out/extension.js
[2019-11-21 16:04:20.353] [exthost] [info] ExtensionService#_doActivateExtension vscode.npm {"startup":true,"extensionId":{"value":"vscode.npm","_lower":"vscode.npm"},"activationEvent":"workspaceContains:package.json"}
[2019-11-21 16:04:20.353] [exthost] [info] ExtensionService#loadCommonJSModule file:///usr/share/code/resources/app/extensions/npm/dist/main
[2019-11-21 16:04:20.360] [exthost] [info] ExtensionService#_doActivateExtension yzhang.markdown-all-in-one {"startup":true,"extensionId":{"value":"yzhang.markdown-all-in-one","_lower":"yzhang.markdown-all-in-one"},"activationEvent":"workspaceContains:README.md"}
[2019-11-21 16:04:20.360] [exthost] [info] ExtensionService#loadCommonJSModule file:///home/benny/.vscode/extensions/yzhang.markdown-all-in-one-2.5.1/dist/extension
[2019-11-21 16:04:20.811] [exthost] [info] eager extensions activated
[2019-11-21 16:04:24.450] [exthost] [info] ExtensionService#_doActivateExtension vscode.debug-server-ready {"startup":false,"extensionId":{"value":"vscode.debug-server-ready","_lower":"vscode.debug-server-ready"},"activationEvent":"onDebugResolve"}
[2019-11-21 16:04:24.450] [exthost] [info] ExtensionService#loadCommonJSModule file:///usr/share/code/resources/app/extensions/debug-server-ready/dist/extension
[2019-11-21 16:04:38.963] [exthost] [info] ExtensionService#_doActivateExtension vscode.typescript-language-features {"startup":false,"extensionId":{"value":"vscode.typescript-language-features","_lower":"vscode.typescript-language-features"},"activationEvent":"onLanguage:javascript"}
[2019-11-21 16:04:38.963] [exthost] [info] ExtensionService#loadCommonJSModule file:///usr/share/code/resources/app/extensions/typescript-language-features/dist/extension
[2019-11-21 16:05:03.269] [exthost] [info] ExtensionService#_doActivateExtension vscode.extension-editing {"startup":false,"extensionId":{"value":"vscode.extension-editing","_lower":"vscode.extension-editing"},"activationEvent":"onLanguage:typescript"}
[2019-11-21 16:05:03.269] [exthost] [info] ExtensionService#loadCommonJSModule file:///usr/share/code/resources/app/extensions/extension-editing/dist/extension
[2019-11-26 11:45:48.227] [exthost] [info] ExtensionService#_doActivateExtension redhat.vscode-yaml {"startup":false,"extensionId":{"value":"redhat.vscode-yaml","_lower":"redhat.vscode-yaml"},"activationEvent":"onLanguage:yaml"}
[2019-11-26 11:45:48.228] [exthost] [info] ExtensionService#loadCommonJSModule file:///home/benny/.vscode/extensions/redhat.vscode-yaml-0.6.1/out/src/extension
[2019-11-26 11:45:48.324] [exthost] [info] ExtensionService#_doActivateExtension ms-azuretools.vscode-docker {"startup":false,"extensionId":{"value":"ms-azuretools.vscode-docker","_lower":"ms-azuretools.vscode-docker"},"activationEvent":"onLanguage:yaml"}
[2019-11-26 11:45:48.325] [exthost] [info] ExtensionService#loadCommonJSModule file:///home/benny/.vscode/extensions/ms-azuretools.vscode-docker-0.8.2/main
[2019-11-26 11:45:48.686] [exthost] [info] ExtensionService#_doActivateExtension ms-kubernetes-tools.vscode-kubernetes-tools {"startup":false,"extensionId":{"value":"ms-kubernetes-tools.vscode-kubernetes-tools","_lower":"ms-kubernetes-tools.vscode-kubernetes-tools"},"activationEvent":"onLanguage:yaml"}
[2019-11-26 11:45:48.686] [exthost] [info] ExtensionService#loadCommonJSModule file:///home/benny/.vscode/extensions/ms-kubernetes-tools.vscode-kubernetes-tools-1.0.7/out/src/extension
[2019-11-26 16:51:47.362] [exthost] [info] ExtensionService#_doActivateExtension octref.vetur {"startup":false,"extensionId":{"value":"octref.vetur","_lower":"octref.vetur"},"activationEvent":"onLanguage:vue"}
[2019-11-26 16:51:47.362] [exthost] [info] ExtensionService#loadCommonJSModule file:///home/benny/.vscode/extensions/octref.vetur-0.22.6/dist/client/vueMain
[2019-11-26 17:02:12.208] [exthost] [error] [octref.vetur] provider FAILED
[2019-11-26 17:02:12.209] [exthost] [error] Error: name must not be falsy
	at Function.validate (/usr/share/code/resources/app/out/vs/workbench/services/extensions/node/extensionHostProcess.js:365:239)
	at new y (/usr/share/code/resources/app/out/vs/workbench/services/extensions/node/extensionHostProcess.js:365:188)
	at new y (/usr/share/code/resources/app/out/vs/workbench/services/extensions/node/extensionHostProcess.js:354:169)
	at asSymbolInformation (/home/benny/.vscode/extensions/octref.vetur-0.22.6/node_modules/vscode-languageclient/lib/protocolConverter.js:411:22)
	at /home/benny/.vscode/extensions/octref.vetur-0.22.6/node_modules/vscode-languageclient/lib/protocolConverter.js:400:42
	at Array.map (<anonymous>)
	at Object.asSymbolInformations (/home/benny/.vscode/extensions/octref.vetur-0.22.6/node_modules/vscode-languageclient/lib/protocolConverter.js:400:23)
	at /home/benny/.vscode/extensions/octref.vetur-0.22.6/node_modules/vscode-languageclient/lib/client.js:1005:62
[2019-11-26 17:02:16.887] [exthost] [error] [octref.vetur] provider FAILED
[2019-11-26 17:02:16.887] [exthost] [error] Error: name must not be falsy
	at Function.validate (/usr/share/code/resources/app/out/vs/workbench/services/extensions/node/extensionHostProcess.js:365:239)
	at new y (/usr/share/code/resources/app/out/vs/workbench/services/extensions/node/extensionHostProcess.js:365:188)
	at new y (/usr/share/code/resources/app/out/vs/workbench/services/extensions/node/extensionHostProcess.js:354:169)
	at asSymbolInformation (/home/benny/.vscode/extensions/octref.vetur-0.22.6/node_modules/vscode-languageclient/lib/protocolConverter.js:411:22)
	at /home/benny/.vscode/extensions/octref.vetur-0.22.6/node_modules/vscode-languageclient/lib/protocolConverter.js:400:42
	at Array.map (<anonymous>)
	at Object.asSymbolInformations (/home/benny/.vscode/extensions/octref.vetur-0.22.6/node_modules/vscode-languageclient/lib/protocolConverter.js:400:23)
	at /home/benny/.vscode/extensions/octref.vetur-0.22.6/node_modules/vscode-languageclient/lib/client.js:1005:62
[2019-11-27 15:51:39.348] [exthost] [info] ExtensionService#_doActivateExtension vscode.configuration-editing {"startup":false,"extensionId":{"value":"vscode.configuration-editing","_lower":"vscode.configuration-editing"},"activationEvent":"onLanguage:json"}
[2019-11-27 15:51:39.349] [exthost] [info] ExtensionService#loadCommonJSModule file:///usr/share/code/resources/app/extensions/configuration-editing/dist/extension
[2019-11-27 15:51:39.360] [exthost] [info] ExtensionService#_doActivateExtension vscode.json-language-features {"startup":false,"extensionId":{"value":"vscode.json-language-features","_lower":"vscode.json-language-features"},"activationEvent":"onLanguage:json"}
[2019-11-27 15:51:39.361] [exthost] [info] ExtensionService#loadCommonJSModule file:///usr/share/code/resources/app/extensions/json-language-features/client/dist/jsonMain
