Looking for git in: git
Using git 2.24.0 from git
> git rev-parse --show-toplevel
> git rev-parse --git-dir
Open repository: /home/benny/work/TraiNER-Frontend
> git status -z -u
> git symbolic-ref --short HEAD
> git rev-parse static-fashionbrain-showcase
> git rev-parse --symbolic-full-name static-fashionbrain-showcase@{u}
> git rev-list --left-right static-fashionbrain-showcase...refs/remotes/origin/static-fashionbrain-showcase
> git for-each-ref --format %(refname) %(objectname) --sort -committerdate
> git remote --verbose
> git config --get commit.template
> git rev-parse --show-toplevel
fatal: not a git repository (or any of the parent directories): .git
> git check-ignore -v -z --stdin
> git check-ignore -v -z --stdin
> git check-ignore -v -z --stdin
> git show :src/store/index.js
> git rev-parse --show-toplevel
fatal: not a git repository (or any of the parent directories): .git
> git show :src/store/index.js
> git rev-parse --show-toplevel
fatal: not a git repository (or any of the parent directories): .git
> git show :src/store/index.js
> git rev-parse --show-toplevel
fatal: not a git repository (or any of the parent directories): .git
> git show :src/store/index.js
> git rev-parse --show-toplevel
fatal: not a git repository (or any of the parent directories): .git
> git show :src/store/index.js
> git rev-parse --show-toplevel
fatal: not a git repository (or any of the parent directories): .git
> git show :src/store/index.js
> git rev-parse --show-toplevel
fatal: not a git repository (or any of the parent directories): .git
> git show :src/store/index.js
> git rev-parse --show-toplevel
fatal: not a git repository (or any of the parent directories): .git
> git show :src/store/index.js
> git rev-parse --show-toplevel
fatal: not a git repository (or any of the parent directories): .git
> git rev-parse --show-toplevel
fatal: not a git repository (or any of the parent directories): .git
> git show :src/store/index.js
> git rev-parse --show-toplevel
fatal: not a git repository (or any of the parent directories): .git
> git show :src/store/index.js
> git rev-parse --show-toplevel
fatal: not a git repository (or any of the parent directories): .git
> git show :src/store/index.js
> git rev-parse --show-toplevel
fatal: not a git repository (or any of the parent directories): .git
