[2019-11-21 13:56:10.827] [exthost] [info] extension host started
[2019-11-21 13:56:10.838] [exthost] [info] ExtensionService#_doActivateExtension GrapeCity.gc-excelviewer {"startup":false,"extensionId":{"value":"GrapeCity.gc-excelviewer","_lower":"grapecity.gc-excelviewer"},"activationEvent":"onLanguage:plaintext"}
[2019-11-21 13:56:10.838] [exthost] [info] ExtensionService#loadCommonJSModule file:///home/benny/.vscode/extensions/grapecity.gc-excelviewer-2.1.32/dist/extension
[2019-11-21 13:56:10.896] [exthost] [info] ExtensionService#_doActivateExtension vscode.debug-auto-launch {"startup":true,"extensionId":{"value":"vscode.debug-auto-launch","_lower":"vscode.debug-auto-launch"},"activationEvent":"*"}
[2019-11-21 13:56:10.896] [exthost] [info] ExtensionService#loadCommonJSModule file:///usr/share/code/resources/app/extensions/debug-auto-launch/dist/extension
[2019-11-21 13:56:10.899] [exthost] [info] ExtensionService#_doActivateExtension vscode.emmet {"startup":true,"extensionId":{"value":"vscode.emmet","_lower":"vscode.emmet"},"activationEvent":"*"}
[2019-11-21 13:56:10.899] [exthost] [info] ExtensionService#loadCommonJSModule file:///usr/share/code/resources/app/extensions/emmet/dist/extension
[2019-11-21 13:56:10.916] [exthost] [info] ExtensionService#_doActivateExtension vscode.git {"startup":true,"extensionId":{"value":"vscode.git","_lower":"vscode.git"},"activationEvent":"*"}
[2019-11-21 13:56:10.916] [exthost] [info] ExtensionService#loadCommonJSModule file:///usr/share/code/resources/app/extensions/git/dist/main
[2019-11-21 13:56:10.947] [exthost] [info] ExtensionService#_doActivateExtension vscode.merge-conflict {"startup":true,"extensionId":{"value":"vscode.merge-conflict","_lower":"vscode.merge-conflict"},"activationEvent":"*"}
[2019-11-21 13:56:10.947] [exthost] [info] ExtensionService#loadCommonJSModule file:///usr/share/code/resources/app/extensions/merge-conflict/dist/extension
[2019-11-21 13:56:10.950] [exthost] [info] ExtensionService#_doActivateExtension christian-kohler.path-intellisense {"startup":true,"extensionId":{"value":"christian-kohler.path-intellisense","_lower":"christian-kohler.path-intellisense"},"activationEvent":"*"}
[2019-11-21 13:56:10.950] [exthost] [info] ExtensionService#loadCommonJSModule file:///home/benny/.vscode/extensions/christian-kohler.path-intellisense-1.4.2/out/src/extension
[2019-11-21 13:56:10.961] [exthost] [info] ExtensionService#_doActivateExtension CoenraadS.bracket-pair-colorizer-2 {"startup":true,"extensionId":{"value":"CoenraadS.bracket-pair-colorizer-2","_lower":"coenraads.bracket-pair-colorizer-2"},"activationEvent":"*"}
[2019-11-21 13:56:10.961] [exthost] [info] ExtensionService#loadCommonJSModule file:///home/benny/.vscode/extensions/coenraads.bracket-pair-colorizer-2-0.0.28/out/src/extension
[2019-11-21 13:56:10.973] [exthost] [info] ExtensionService#_doActivateExtension eamodio.gitlens {"startup":true,"extensionId":{"value":"eamodio.gitlens","_lower":"eamodio.gitlens"},"activationEvent":"*"}
[2019-11-21 13:56:10.974] [exthost] [info] ExtensionService#loadCommonJSModule file:///home/benny/.vscode/extensions/eamodio.gitlens-10.1.1/dist/extension
[2019-11-21 13:56:11.031] [exthost] [info] ExtensionService#_doActivateExtension Equinusocio.vsc-material-theme {"startup":true,"extensionId":{"value":"Equinusocio.vsc-material-theme","_lower":"equinusocio.vsc-material-theme"},"activationEvent":"*"}
[2019-11-21 13:56:11.031] [exthost] [info] ExtensionService#loadCommonJSModule file:///home/benny/.vscode/extensions/equinusocio.vsc-material-theme-30.0.0/out/src/material.theme.config
[2019-11-21 13:56:11.038] [exthost] [info] ExtensionService#_doActivateExtension HookyQR.beautify {"startup":true,"extensionId":{"value":"HookyQR.beautify","_lower":"hookyqr.beautify"},"activationEvent":"*"}
[2019-11-21 13:56:11.038] [exthost] [info] ExtensionService#loadCommonJSModule file:///home/benny/.vscode/extensions/hookyqr.beautify-1.5.0/extension
[2019-11-21 13:56:11.072] [exthost] [info] ExtensionService#_doActivateExtension ms-vscode.atom-keybindings {"startup":true,"extensionId":{"value":"ms-vscode.atom-keybindings","_lower":"ms-vscode.atom-keybindings"},"activationEvent":"*"}
[2019-11-21 13:56:11.072] [exthost] [info] ExtensionService#loadCommonJSModule file:///home/benny/.vscode/extensions/ms-vscode.atom-keybindings-3.0.6/extension
[2019-11-21 13:56:11.073] [exthost] [info] ExtensionService#_doActivateExtension ms-vscode.sublime-keybindings {"startup":true,"extensionId":{"value":"ms-vscode.sublime-keybindings","_lower":"ms-vscode.sublime-keybindings"},"activationEvent":"*"}
[2019-11-21 13:56:11.073] [exthost] [info] ExtensionService#loadCommonJSModule file:///home/benny/.vscode/extensions/ms-vscode.sublime-keybindings-4.0.3/out/extension
[2019-11-21 13:56:11.075] [exthost] [info] ExtensionService#_doActivateExtension vscode-icons-team.vscode-icons {"startup":true,"extensionId":{"value":"vscode-icons-team.vscode-icons","_lower":"vscode-icons-team.vscode-icons"},"activationEvent":"*"}
[2019-11-21 13:56:11.075] [exthost] [info] ExtensionService#loadCommonJSModule file:///home/benny/.vscode/extensions/vscode-icons-team.vscode-icons-9.4.0/dist/src/vscode-icons.bundle.js
[2019-11-21 13:56:11.090] [exthost] [info] eager extensions activated
[2019-11-21 13:56:52.919] [exthost] [info] ExtensionService#_doActivateExtension vscode.python {"startup":false,"extensionId":{"value":"vscode.python","_lower":"vscode.python"},"activationEvent":"onLanguage:python"}
[2019-11-21 13:56:52.920] [exthost] [info] ExtensionService#loadCommonJSModule file:///usr/share/code/resources/app/extensions/python/dist/pythonMain
[2019-11-21 13:56:52.924] [exthost] [info] ExtensionService#_doActivateExtension ms-python.python {"startup":false,"extensionId":{"value":"ms-python.python","_lower":"ms-python.python"},"activationEvent":"onLanguage:python"}
[2019-11-21 13:56:52.925] [exthost] [info] ExtensionService#loadCommonJSModule file:///home/benny/.vscode/extensions/ms-python.python-2019.11.49689/out/client/extension
[2019-11-21 13:56:53.243] [exthost] [info] ExtensionService#_doActivateExtension VisualStudioExptTeam.vscodeintellicode {"startup":false,"extensionId":{"value":"VisualStudioExptTeam.vscodeintellicode","_lower":"visualstudioexptteam.vscodeintellicode"},"activationEvent":"onLanguage:python"}
[2019-11-21 13:56:53.243] [exthost] [info] ExtensionService#loadCommonJSModule file:///home/benny/.vscode/extensions/visualstudioexptteam.vscodeintellicode-1.1.9/dist/intellicode
[2019-11-21 13:59:07.468] [exthost] [info] ExtensionService#_doActivateExtension vscode.npm {"startup":true,"extensionId":{"value":"vscode.npm","_lower":"vscode.npm"},"activationEvent":"workspaceContains:package.json"}
[2019-11-21 13:59:07.468] [exthost] [info] ExtensionService#loadCommonJSModule file:///usr/share/code/resources/app/extensions/npm/dist/main
[2019-11-21 13:59:07.482] [exthost] [info] ExtensionService#_doActivateExtension yzhang.markdown-all-in-one {"startup":true,"extensionId":{"value":"yzhang.markdown-all-in-one","_lower":"yzhang.markdown-all-in-one"},"activationEvent":"workspaceContains:README.md"}
[2019-11-21 13:59:07.482] [exthost] [info] ExtensionService#loadCommonJSModule file:///home/benny/.vscode/extensions/yzhang.markdown-all-in-one-2.4.2/dist/extension
[2019-11-21 13:59:07.905] [exthost] [info] extension host started
[2019-11-21 13:59:07.917] [exthost] [info] ExtensionService#_doActivateExtension GrapeCity.gc-excelviewer {"startup":false,"extensionId":{"value":"GrapeCity.gc-excelviewer","_lower":"grapecity.gc-excelviewer"},"activationEvent":"onLanguage:plaintext"}
[2019-11-21 13:59:07.917] [exthost] [info] ExtensionService#loadCommonJSModule file:///home/benny/.vscode/extensions/grapecity.gc-excelviewer-2.1.32/dist/extension
[2019-11-21 13:59:08.012] [exthost] [info] ExtensionService#_doActivateExtension vscode.python {"startup":false,"extensionId":{"value":"vscode.python","_lower":"vscode.python"},"activationEvent":"onLanguage:python"}
[2019-11-21 13:59:08.012] [exthost] [info] ExtensionService#loadCommonJSModule file:///usr/share/code/resources/app/extensions/python/dist/pythonMain
[2019-11-21 13:59:08.014] [exthost] [info] ExtensionService#_doActivateExtension ms-python.python {"startup":false,"extensionId":{"value":"ms-python.python","_lower":"ms-python.python"},"activationEvent":"onLanguage:python"}
[2019-11-21 13:59:08.014] [exthost] [info] ExtensionService#loadCommonJSModule file:///home/benny/.vscode/extensions/ms-python.python-2019.11.49689/out/client/extension
[2019-11-21 13:59:08.219] [exthost] [info] ExtensionService#_doActivateExtension VisualStudioExptTeam.vscodeintellicode {"startup":false,"extensionId":{"value":"VisualStudioExptTeam.vscodeintellicode","_lower":"visualstudioexptteam.vscodeintellicode"},"activationEvent":"onLanguage:python"}
[2019-11-21 13:59:08.219] [exthost] [info] ExtensionService#loadCommonJSModule file:///home/benny/.vscode/extensions/visualstudioexptteam.vscodeintellicode-1.1.9/dist/intellicode
[2019-11-21 13:59:08.279] [exthost] [info] ExtensionService#_doActivateExtension vscode.debug-auto-launch {"startup":true,"extensionId":{"value":"vscode.debug-auto-launch","_lower":"vscode.debug-auto-launch"},"activationEvent":"*"}
[2019-11-21 13:59:08.279] [exthost] [info] ExtensionService#loadCommonJSModule file:///usr/share/code/resources/app/extensions/debug-auto-launch/dist/extension
[2019-11-21 13:59:08.282] [exthost] [info] ExtensionService#_doActivateExtension vscode.emmet {"startup":true,"extensionId":{"value":"vscode.emmet","_lower":"vscode.emmet"},"activationEvent":"*"}
[2019-11-21 13:59:08.282] [exthost] [info] ExtensionService#loadCommonJSModule file:///usr/share/code/resources/app/extensions/emmet/dist/extension
[2019-11-21 13:59:08.307] [exthost] [info] ExtensionService#_doActivateExtension vscode.git {"startup":true,"extensionId":{"value":"vscode.git","_lower":"vscode.git"},"activationEvent":"*"}
[2019-11-21 13:59:08.307] [exthost] [info] ExtensionService#loadCommonJSModule file:///usr/share/code/resources/app/extensions/git/dist/main
[2019-11-21 13:59:08.345] [exthost] [info] ExtensionService#_doActivateExtension vscode.merge-conflict {"startup":true,"extensionId":{"value":"vscode.merge-conflict","_lower":"vscode.merge-conflict"},"activationEvent":"*"}
[2019-11-21 13:59:08.345] [exthost] [info] ExtensionService#loadCommonJSModule file:///usr/share/code/resources/app/extensions/merge-conflict/dist/extension
[2019-11-21 13:59:08.349] [exthost] [info] ExtensionService#_doActivateExtension christian-kohler.path-intellisense {"startup":true,"extensionId":{"value":"christian-kohler.path-intellisense","_lower":"christian-kohler.path-intellisense"},"activationEvent":"*"}
[2019-11-21 13:59:08.349] [exthost] [info] ExtensionService#loadCommonJSModule file:///home/benny/.vscode/extensions/christian-kohler.path-intellisense-1.4.2/out/src/extension
[2019-11-21 13:59:08.359] [exthost] [info] ExtensionService#_doActivateExtension CoenraadS.bracket-pair-colorizer-2 {"startup":true,"extensionId":{"value":"CoenraadS.bracket-pair-colorizer-2","_lower":"coenraads.bracket-pair-colorizer-2"},"activationEvent":"*"}
[2019-11-21 13:59:08.359] [exthost] [info] ExtensionService#loadCommonJSModule file:///home/benny/.vscode/extensions/coenraads.bracket-pair-colorizer-2-0.0.28/out/src/extension
[2019-11-21 13:59:08.369] [exthost] [info] ExtensionService#_doActivateExtension eamodio.gitlens {"startup":true,"extensionId":{"value":"eamodio.gitlens","_lower":"eamodio.gitlens"},"activationEvent":"*"}
[2019-11-21 13:59:08.369] [exthost] [info] ExtensionService#loadCommonJSModule file:///home/benny/.vscode/extensions/eamodio.gitlens-10.1.1/dist/extension
[2019-11-21 13:59:08.419] [exthost] [info] ExtensionService#_doActivateExtension Equinusocio.vsc-material-theme {"startup":true,"extensionId":{"value":"Equinusocio.vsc-material-theme","_lower":"equinusocio.vsc-material-theme"},"activationEvent":"*"}
[2019-11-21 13:59:08.419] [exthost] [info] ExtensionService#loadCommonJSModule file:///home/benny/.vscode/extensions/equinusocio.vsc-material-theme-30.0.0/out/src/material.theme.config
[2019-11-21 13:59:08.426] [exthost] [info] ExtensionService#_doActivateExtension HookyQR.beautify {"startup":true,"extensionId":{"value":"HookyQR.beautify","_lower":"hookyqr.beautify"},"activationEvent":"*"}
[2019-11-21 13:59:08.426] [exthost] [info] ExtensionService#loadCommonJSModule file:///home/benny/.vscode/extensions/hookyqr.beautify-1.5.0/extension
[2019-11-21 13:59:08.470] [exthost] [info] ExtensionService#_doActivateExtension ms-vscode.atom-keybindings {"startup":true,"extensionId":{"value":"ms-vscode.atom-keybindings","_lower":"ms-vscode.atom-keybindings"},"activationEvent":"*"}
[2019-11-21 13:59:08.470] [exthost] [info] ExtensionService#loadCommonJSModule file:///home/benny/.vscode/extensions/ms-vscode.atom-keybindings-3.0.6/extension
[2019-11-21 13:59:08.471] [exthost] [info] ExtensionService#_doActivateExtension ms-vscode.sublime-keybindings {"startup":true,"extensionId":{"value":"ms-vscode.sublime-keybindings","_lower":"ms-vscode.sublime-keybindings"},"activationEvent":"*"}
[2019-11-21 13:59:08.471] [exthost] [info] ExtensionService#loadCommonJSModule file:///home/benny/.vscode/extensions/ms-vscode.sublime-keybindings-4.0.3/out/extension
[2019-11-21 13:59:08.473] [exthost] [info] ExtensionService#_doActivateExtension vscode-icons-team.vscode-icons {"startup":true,"extensionId":{"value":"vscode-icons-team.vscode-icons","_lower":"vscode-icons-team.vscode-icons"},"activationEvent":"*"}
[2019-11-21 13:59:08.473] [exthost] [info] ExtensionService#loadCommonJSModule file:///home/benny/.vscode/extensions/vscode-icons-team.vscode-icons-9.4.0/dist/src/vscode-icons.bundle.js
[2019-11-21 13:59:08.499] [exthost] [info] ExtensionService#_doActivateExtension vscode.npm {"startup":true,"extensionId":{"value":"vscode.npm","_lower":"vscode.npm"},"activationEvent":"workspaceContains:package.json"}
[2019-11-21 13:59:08.499] [exthost] [info] ExtensionService#loadCommonJSModule file:///usr/share/code/resources/app/extensions/npm/dist/main
[2019-11-21 13:59:08.512] [exthost] [info] ExtensionService#_doActivateExtension yzhang.markdown-all-in-one {"startup":true,"extensionId":{"value":"yzhang.markdown-all-in-one","_lower":"yzhang.markdown-all-in-one"},"activationEvent":"workspaceContains:README.md"}
[2019-11-21 13:59:08.512] [exthost] [info] ExtensionService#loadCommonJSModule file:///home/benny/.vscode/extensions/yzhang.markdown-all-in-one-2.4.2/dist/extension
[2019-11-21 13:59:08.627] [exthost] [info] eager extensions activated
[2019-11-21 13:59:12.672] [exthost] [info] ExtensionService#_doActivateExtension vscode.typescript-language-features {"startup":false,"extensionId":{"value":"vscode.typescript-language-features","_lower":"vscode.typescript-language-features"},"activationEvent":"onLanguage:javascript"}
[2019-11-21 13:59:12.672] [exthost] [info] ExtensionService#loadCommonJSModule file:///usr/share/code/resources/app/extensions/typescript-language-features/dist/extension
[2019-11-21 14:06:16.742] [exthost] [info] ExtensionService#_doActivateExtension vscode.extension-editing {"startup":false,"extensionId":{"value":"vscode.extension-editing","_lower":"vscode.extension-editing"},"activationEvent":"onLanguage:typescript"}
[2019-11-21 14:06:16.745] [exthost] [info] ExtensionService#loadCommonJSModule file:///usr/share/code/resources/app/extensions/extension-editing/dist/extension
[2019-11-21 15:10:11.566] [exthost] [info] ExtensionService#_doActivateExtension redhat.vscode-yaml {"startup":false,"extensionId":{"value":"ms-kubernetes-tools.vscode-kubernetes-tools","_lower":"ms-kubernetes-tools.vscode-kubernetes-tools"},"activationEvent":"onView:extension.vsKubernetesExplorer"}
[2019-11-21 15:10:11.566] [exthost] [info] ExtensionService#loadCommonJSModule file:///home/benny/.vscode/extensions/redhat.vscode-yaml-0.5.3/out/src/extension
[2019-11-21 15:10:11.695] [exthost] [info] ExtensionService#_doActivateExtension ms-kubernetes-tools.vscode-kubernetes-tools {"startup":false,"extensionId":{"value":"ms-kubernetes-tools.vscode-kubernetes-tools","_lower":"ms-kubernetes-tools.vscode-kubernetes-tools"},"activationEvent":"onView:extension.vsKubernetesExplorer"}
[2019-11-21 15:10:11.696] [exthost] [info] ExtensionService#loadCommonJSModule file:///home/benny/.vscode/extensions/ms-kubernetes-tools.vscode-kubernetes-tools-1.0.4/out/src/extension
[2019-11-21 15:10:26.192] [exthost] [info] ExtensionService#_doActivateExtension wwm.better-align {"startup":false,"extensionId":{"value":"wwm.better-align","_lower":"wwm.better-align"},"activationEvent":"onCommand:wwm.aligncode"}
[2019-11-21 15:10:26.192] [exthost] [info] ExtensionService#loadCommonJSModule file:///home/benny/.vscode/extensions/wwm.better-align-1.1.6/out/src/extension
