[2019-12-03 10:52:12.346] [sharedprocess] [info] main {"machineId":"8498530105912792985358a449899face5b7e370bfe941bde309d223585d35ea","windowId":2}
[2019-12-03 10:52:12.749] [sharedprocess] [info] Deleted from disk vscode-icons-team.vscode-icons /home/benny/.vscode/extensions/vscode-icons-team.vscode-icons-9.5.0
[2019-12-03 10:52:12.882] [sharedprocess] [info] Deleted from disk zhuangtongfa.material-theme /home/benny/.vscode/extensions/zhuangtongfa.material-theme-3.0.3
[2019-12-03 10:52:12.956] [sharedprocess] [info] Deleted from disk ms-python.python /home/benny/.vscode/extensions/ms-python.python-2019.11.49689
[2019-12-03 10:52:15.106] [sharedprocess] [info] Installing extension: coenraads.bracket-pair-colorizer-2
[2019-12-03 10:52:15.106] [sharedprocess] [info] Installing extension: ms-azuretools.vscode-docker
[2019-12-03 10:52:15.107] [sharedprocess] [info] Installing extension: ms-kubernetes-tools.vscode-kubernetes-tools
[2019-12-03 10:52:15.108] [sharedprocess] [info] Installing extension: zhuangtongfa.material-theme
[2019-12-03 10:52:15.889] [sharedprocess] [info] Downloaded extension: zhuangtongfa.material-theme /tmp/f2dd94f5-19e8-485e-b776-8eb179de64db
[2019-12-03 10:52:15.912] [sharedprocess] [info] Downloaded extension: coenraads.bracket-pair-colorizer-2 /tmp/4fcae854-7630-43ae-b475-47a51e2525d1
[2019-12-03 10:52:16.071] [sharedprocess] [info] Extracted extension to /home/benny/.vscode/extensions/.coenraads.bracket-pair-colorizer-2-0.0.29: coenraads.bracket-pair-colorizer-2
[2019-12-03 10:52:16.071] [sharedprocess] [info] Renamed to /home/benny/.vscode/extensions/coenraads.bracket-pair-colorizer-2-0.0.29
[2019-12-03 10:52:16.071] [sharedprocess] [info] Extracted extension to /home/benny/.vscode/extensions/.zhuangtongfa.material-theme-3.2.0: zhuangtongfa.material-theme
[2019-12-03 10:52:16.071] [sharedprocess] [info] Renamed to /home/benny/.vscode/extensions/zhuangtongfa.material-theme-3.2.0
[2019-12-03 10:52:16.072] [sharedprocess] [info] Installation completed. coenraads.bracket-pair-colorizer-2
[2019-12-03 10:52:16.073] [sharedprocess] [info] Installation completed. zhuangtongfa.material-theme
[2019-12-03 10:52:16.087] [sharedprocess] [info] Extensions installed successfully: coenraads.bracket-pair-colorizer-2
[2019-12-03 10:52:16.093] [sharedprocess] [info] Extensions installed successfully: zhuangtongfa.material-theme
[2019-12-03 10:52:16.364] [sharedprocess] [info] Downloaded extension: ms-azuretools.vscode-docker /tmp/6f46caab-e9f9-4d87-b1c2-4411a31c0feb
[2019-12-03 10:52:16.609] [sharedprocess] [info] Extracted extension to /home/benny/.vscode/extensions/.ms-azuretools.vscode-docker-0.9.0: ms-azuretools.vscode-docker
[2019-12-03 10:52:16.609] [sharedprocess] [info] Renamed to /home/benny/.vscode/extensions/ms-azuretools.vscode-docker-0.9.0
[2019-12-03 10:52:16.611] [sharedprocess] [info] Installation completed. ms-azuretools.vscode-docker
[2019-12-03 10:52:16.678] [sharedprocess] [info] Extensions installed successfully: ms-azuretools.vscode-docker
[2019-12-03 10:52:20.041] [sharedprocess] [info] Downloaded extension: ms-kubernetes-tools.vscode-kubernetes-tools /tmp/f811e6fe-b032-4781-9d36-d4f36529cd69
[2019-12-03 10:52:23.011] [sharedprocess] [info] Extracted extension to /home/benny/.vscode/extensions/.ms-kubernetes-tools.vscode-kubernetes-tools-1.0.9: ms-kubernetes-tools.vscode-kubernetes-tools
[2019-12-03 10:52:23.012] [sharedprocess] [info] Renamed to /home/benny/.vscode/extensions/ms-kubernetes-tools.vscode-kubernetes-tools-1.0.9
[2019-12-03 10:52:23.016] [sharedprocess] [info] Installation completed. ms-kubernetes-tools.vscode-kubernetes-tools
[2019-12-03 10:52:23.094] [sharedprocess] [info] Extensions installed successfully: ms-kubernetes-tools.vscode-kubernetes-tools
[2019-12-03 10:52:52.366] [sharedprocess] [info] Starting to clean up unused language packs.
