User belongs to experiment group 'ShowPlayIcon - start'
User belongs to experiment group 'ShowExtensionSurveyPrompt - enabled'
> conda --version
> pyenv root
> python3.7 -c "import sys;print(sys.executable)"
> python3.6 -c "import sys;print(sys.executable)"
> python3 -c "import sys;print(sys.executable)"
> python2 -c "import sys;print(sys.executable)"
> python -c "import sys;print(sys.executable)"
> python -c "import sys;print(sys.executable)"
> ~/miniconda3/bin/python ~/.vscode/extensions/ms-python.python-2019.11.50794/pythonFiles/interpreterInfo.py
> ~/miniconda3/bin/python ~/.vscode/extensions/ms-python.python-2019.11.50794/pythonFiles/interpreterInfo.py
> ~/miniconda3/bin/python3 ~/.vscode/extensions/ms-python.python-2019.11.50794/pythonFiles/interpreterInfo.py
> ~/miniconda3/bin/python3 ~/.vscode/extensions/ms-python.python-2019.11.50794/pythonFiles/interpreterInfo.py
> ~/miniconda3/bin/python3.7 ~/.vscode/extensions/ms-python.python-2019.11.50794/pythonFiles/interpreterInfo.py
> ~/miniconda3/bin/python3.7 ~/.vscode/extensions/ms-python.python-2019.11.50794/pythonFiles/interpreterInfo.py
> /usr/bin/python ~/.vscode/extensions/ms-python.python-2019.11.50794/pythonFiles/interpreterInfo.py
> /usr/bin/python ~/.vscode/extensions/ms-python.python-2019.11.50794/pythonFiles/interpreterInfo.py
> /usr/bin/python2 ~/.vscode/extensions/ms-python.python-2019.11.50794/pythonFiles/interpreterInfo.py
> /usr/bin/python2 ~/.vscode/extensions/ms-python.python-2019.11.50794/pythonFiles/interpreterInfo.py
> /usr/bin/python2.7 ~/.vscode/extensions/ms-python.python-2019.11.50794/pythonFiles/interpreterInfo.py
> /usr/bin/python2.7 ~/.vscode/extensions/ms-python.python-2019.11.50794/pythonFiles/interpreterInfo.py
> /usr/bin/python3 ~/.vscode/extensions/ms-python.python-2019.11.50794/pythonFiles/interpreterInfo.py
> /usr/bin/python3 ~/.vscode/extensions/ms-python.python-2019.11.50794/pythonFiles/interpreterInfo.py
> /usr/bin/python3.7 ~/.vscode/extensions/ms-python.python-2019.11.50794/pythonFiles/interpreterInfo.py
> /usr/bin/python3.7 ~/.vscode/extensions/ms-python.python-2019.11.50794/pythonFiles/interpreterInfo.py
> /usr/bin/python ~/.vscode/extensions/ms-python.python-2019.11.50794/pythonFiles/interpreterInfo.py
> /usr/bin/python ~/.vscode/extensions/ms-python.python-2019.11.50794/pythonFiles/interpreterInfo.py
> /usr/bin/python2 ~/.vscode/extensions/ms-python.python-2019.11.50794/pythonFiles/interpreterInfo.py
> /usr/bin/python2 ~/.vscode/extensions/ms-python.python-2019.11.50794/pythonFiles/interpreterInfo.py
> /usr/bin/python2.7 ~/.vscode/extensions/ms-python.python-2019.11.50794/pythonFiles/interpreterInfo.py
> /usr/bin/python2.7 ~/.vscode/extensions/ms-python.python-2019.11.50794/pythonFiles/interpreterInfo.py
> /usr/bin/python3 ~/.vscode/extensions/ms-python.python-2019.11.50794/pythonFiles/interpreterInfo.py
> /usr/bin/python3 ~/.vscode/extensions/ms-python.python-2019.11.50794/pythonFiles/interpreterInfo.py
> /usr/bin/python3.7 ~/.vscode/extensions/ms-python.python-2019.11.50794/pythonFiles/interpreterInfo.py
> /usr/bin/python3.7 ~/.vscode/extensions/ms-python.python-2019.11.50794/pythonFiles/interpreterInfo.py
> conda info --json
> ~/miniconda3/envs/pytorch/bin/python ~/.vscode/extensions/ms-python.python-2019.11.50794/pythonFiles/interpreterInfo.py
> ~/miniconda3/envs/pytorch/bin/python ~/.vscode/extensions/ms-python.python-2019.11.50794/pythonFiles/interpreterInfo.py
> ~/miniconda3/bin/python ~/.vscode/extensions/ms-python.python-2019.11.50794/pythonFiles/interpreterInfo.py
> ~/miniconda3/bin/python ~/.vscode/extensions/ms-python.python-2019.11.50794/pythonFiles/interpreterInfo.py
Starting Microsoft Python language server.
> conda env list
> conda env list
