00:00:00.001382 main     VirtualBox XPCOM Server 6.0.4_Debian r128164 linux.amd64 (Jan 31 2019 14:42:02) release log
00:00:00.001386 main     Log opened 2019-10-07T09:21:22.402492000Z
00:00:00.001387 main     Build Type: release
00:00:00.001392 main     OS Product: Linux
00:00:00.001394 main     OS Release: 5.2.0-2-amd64
00:00:00.001395 main     OS Version: #1 SMP Debian 5.2.9-2 (2019-08-21)
00:00:00.001426 main     DMI Product Name: XPS 15 9560
00:00:00.001435 main     DMI Product Version: 
00:00:00.001496 main     Host RAM: 15832MB (15.4GB) total, 10991MB (10.7GB) available
00:00:00.001502 main     Executable: /usr/lib/virtualbox/VBoxSVC
00:00:00.001503 main     Process ID: 32115
00:00:00.001503 main     Package type: LINUX_64BITS_GENERIC (OSE)
00:00:00.004386 main     IPC socket path: /tmp/.vbox-benny-ipc/ipcd
00:00:00.111458 nspr-2   VirtualBox: object creation starts
00:00:00.112025 nspr-2   Home directory: '/home/benny/.config/VirtualBox'
00:00:00.112992 nspr-2   Loading settings file "/home/benny/.config/VirtualBox/VirtualBox.xml" with version "1.12-linux"
00:00:00.128305 nspr-2   NetIfAdpCtlOut: VBoxNetAdpCtl: Error while retrieving link speed for wlp2s0: VBoxNetAdpCtl: ioctl failed: Operation not supported
00:00:00.131103 nspr-2   NAT: resolv.conf: nameserver 103.86.96.100
00:00:00.131148 nspr-2   HostDnsMonitor::updateInfo
00:00:00.131182 nspr-2   HostDnsMonitor: old information
00:00:00.131189 nspr-2     no server entries
00:00:00.131197 nspr-2     no domain set
00:00:00.131203 nspr-2     no search string entries
00:00:00.131209 nspr-2   HostDnsMonitor: new information
00:00:00.131215 nspr-2     server 1: 103.86.96.100
00:00:00.131223 nspr-2     no domain set
00:00:00.131229 nspr-2     no search string entries
00:00:00.137925 nspr-2   Failed to open "/dev/vboxdrvu", errno=2, rc=VERR_VM_DRIVER_NOT_INSTALLED
00:00:00.145081 nspr-2   failed to create vboxnet0, error (0x80004005)
00:00:00.150460 nspr-2   failed to create vboxnet1, error (0x80004005)
00:00:00.153247 nspr-2   VD: VDInit finished with VINF_SUCCESS
00:00:00.154753 nspr-2   ERROR [COM]: aRC=NS_ERROR_FAILURE (0x80004005) aIID={d55176e5-6730-4e9e-fc1f-a59b1f44f78f} aComponent={SystemPropertiesWrap} aText={Cannot determine default Guest Additions ISO location. Most likely they are not available}, preserve=false aResultDetail=0
00:00:00.171520 nspr-2   ERROR [COM]: aRC=NS_ERROR_FAILURE (0x80004005) aIID={5047460a-265d-4538-b23e-ddba5fb84976} aComponent={MachineWrap} aText={Runtime error opening '/home/benny/VirtualBox VMs/IE11 - Win7/IE11 - Win7.vbox' for reading: -102 (File not found.).
00:00:00.171535 nspr-2   /build/virtualbox-ccEvy7/virtualbox-6.0.4-dfsg/src/VBox/Main/src-server/MachineImpl.cpp[750] (nsresult Machine::i_registeredInit())}, preserve=false aResultDetail=0
00:00:00.172112 nspr-2   ERROR [COM]: aRC=NS_ERROR_FAILURE (0x80004005) aIID={5047460a-265d-4538-b23e-ddba5fb84976} aComponent={MachineWrap} aText={Runtime error opening '/home/benny/VirtualBox VMs/MSEdge - Win10_preview/MSEdge - Win10_preview.vbox' for reading: -102 (File not found.).
00:00:00.172123 nspr-2   /build/virtualbox-ccEvy7/virtualbox-6.0.4-dfsg/src/VBox/Main/src-server/MachineImpl.cpp[750] (nsresult Machine::i_registeredInit())}, preserve=false aResultDetail=0
00:00:00.174880 nspr-2   Loading settings file "/home/benny/.Genymobile/Genymotion/deployed/Google Pixel/Google Pixel.vbox" with version "1.12-linux"
00:00:00.177716 nspr-2   Loading settings file "/home/benny/.Genymobile/Genymotion/deployed/Samsung Galaxy S7/Samsung Galaxy S7.vbox" with version "1.12-linux"
00:00:00.179526 nspr-2   VirtualBox: object created
00:00:00.526247 nspr-5   ERROR [COM]: aRC=NS_ERROR_FAILURE (0x80004005) aIID={5047460a-265d-4538-b23e-ddba5fb84976} aComponent={MachineWrap} aText={Runtime error opening '/home/benny/VirtualBox VMs/IE11 - Win7/IE11 - Win7.vbox' for reading: -102 (File not found.).
00:00:00.526253 nspr-5   /build/virtualbox-ccEvy7/virtualbox-6.0.4-dfsg/src/VBox/Main/src-server/MachineImpl.cpp[750] (nsresult Machine::i_registeredInit())}, preserve=false aResultDetail=0
00:00:00.526478 nspr-3   ERROR [COM]: aRC=NS_ERROR_FAILURE (0x80004005) aIID={5047460a-265d-4538-b23e-ddba5fb84976} aComponent={MachineWrap} aText={Runtime error opening '/home/benny/VirtualBox VMs/IE11 - Win7/IE11 - Win7.vbox' for reading: -102 (File not found.).
00:00:00.526481 nspr-3   /build/virtualbox-ccEvy7/virtualbox-6.0.4-dfsg/src/VBox/Main/src-server/MachineImpl.cpp[750] (nsresult Machine::i_registeredInit())}, preserve=false aResultDetail=0
00:00:00.527104 nspr-5   ERROR [COM]: aRC=NS_ERROR_FAILURE (0x80004005) aIID={5047460a-265d-4538-b23e-ddba5fb84976} aComponent={MachineWrap} aText={Runtime error opening '/home/benny/VirtualBox VMs/IE11 - Win7/IE11 - Win7.vbox' for reading: -102 (File not found.).
00:00:00.527107 nspr-5   /build/virtualbox-ccEvy7/virtualbox-6.0.4-dfsg/src/VBox/Main/src-server/MachineImpl.cpp[750] (nsresult Machine::i_registeredInit())}, preserve=false aResultDetail=0
00:00:00.528822 nspr-4   ERROR [COM]: aRC=NS_ERROR_FAILURE (0x80004005) aIID={5047460a-265d-4538-b23e-ddba5fb84976} aComponent={MachineWrap} aText={Runtime error opening '/home/benny/VirtualBox VMs/MSEdge - Win10_preview/MSEdge - Win10_preview.vbox' for reading: -102 (File not found.).
00:00:00.528826 nspr-4   /build/virtualbox-ccEvy7/virtualbox-6.0.4-dfsg/src/VBox/Main/src-server/MachineImpl.cpp[750] (nsresult Machine::i_registeredInit())}, preserve=false aResultDetail=0
00:00:00.529047 nspr-5   ERROR [COM]: aRC=NS_ERROR_FAILURE (0x80004005) aIID={5047460a-265d-4538-b23e-ddba5fb84976} aComponent={MachineWrap} aText={Runtime error opening '/home/benny/VirtualBox VMs/MSEdge - Win10_preview/MSEdge - Win10_preview.vbox' for reading: -102 (File not found.).
00:00:00.529050 nspr-5   /build/virtualbox-ccEvy7/virtualbox-6.0.4-dfsg/src/VBox/Main/src-server/MachineImpl.cpp[750] (nsresult Machine::i_registeredInit())}, preserve=false aResultDetail=0
00:00:00.529544 nspr-4   ERROR [COM]: aRC=NS_ERROR_FAILURE (0x80004005) aIID={5047460a-265d-4538-b23e-ddba5fb84976} aComponent={MachineWrap} aText={Runtime error opening '/home/benny/VirtualBox VMs/MSEdge - Win10_preview/MSEdge - Win10_preview.vbox' for reading: -102 (File not found.).
00:00:00.529547 nspr-4   /build/virtualbox-ccEvy7/virtualbox-6.0.4-dfsg/src/VBox/Main/src-server/MachineImpl.cpp[750] (nsresult Machine::i_registeredInit())}, preserve=false aResultDetail=0
00:00:04.525228 nspr-4   ERROR [COM]: aRC=E_ACCESSDENIED (0x80070005) aIID={5047460a-265d-4538-b23e-ddba5fb84976} aComponent={MachineWrap} aText={The object functionality is limited}, preserve=false aResultDetail=0
00:00:04.529815 nspr-4   ERROR [COM]: aRC=NS_ERROR_FAILURE (0x80004005) aIID={5047460a-265d-4538-b23e-ddba5fb84976} aComponent={MachineWrap} aText={Runtime error opening '/home/benny/VirtualBox VMs/MSEdge - Win10_preview/MSEdge - Win10_preview.vbox' for reading: -102 (File not found.).
00:00:04.529821 nspr-4   /build/virtualbox-ccEvy7/virtualbox-6.0.4-dfsg/src/VBox/Main/src-server/MachineImpl.cpp[750] (nsresult Machine::i_registeredInit())}, preserve=false aResultDetail=0
00:00:04.536313 nspr-5   ERROR [COM]: aRC=NS_ERROR_FAILURE (0x80004005) aIID={5047460a-265d-4538-b23e-ddba5fb84976} aComponent={MachineWrap} aText={Runtime error opening '/home/benny/VirtualBox VMs/MSEdge - Win10_preview/MSEdge - Win10_preview.vbox' for reading: -102 (File not found.).
00:00:04.536318 nspr-5   /build/virtualbox-ccEvy7/virtualbox-6.0.4-dfsg/src/VBox/Main/src-server/MachineImpl.cpp[750] (nsresult Machine::i_registeredInit())}, preserve=false aResultDetail=0
00:00:04.559855 nspr-3   ERROR [COM]: aRC=NS_ERROR_FAILURE (0x80004005) aIID={5047460a-265d-4538-b23e-ddba5fb84976} aComponent={MachineWrap} aText={Runtime error opening '/home/benny/VirtualBox VMs/MSEdge - Win10_preview/MSEdge - Win10_preview.vbox' for reading: -102 (File not found.).
00:00:04.559860 nspr-3   /build/virtualbox-ccEvy7/virtualbox-6.0.4-dfsg/src/VBox/Main/src-server/MachineImpl.cpp[750] (nsresult Machine::i_registeredInit())}, preserve=false aResultDetail=0
00:00:04.560079 nspr-4   ERROR [COM]: aRC=E_ACCESSDENIED (0x80070005) aIID={5047460a-265d-4538-b23e-ddba5fb84976} aComponent={MachineWrap} aText={The object functionality is limited}, preserve=false aResultDetail=0
00:00:04.560753 nspr-4   ERROR [COM]: aRC=E_ACCESSDENIED (0x80070005) aIID={5047460a-265d-4538-b23e-ddba5fb84976} aComponent={MachineWrap} aText={The object functionality is limited}, preserve=false aResultDetail=0
00:00:04.561396 nspr-4   ERROR [COM]: aRC=E_ACCESSDENIED (0x80070005) aIID={5047460a-265d-4538-b23e-ddba5fb84976} aComponent={MachineWrap} aText={The object functionality is limited}, preserve=false aResultDetail=0
00:00:04.561903 nspr-4   ERROR [COM]: aRC=E_ACCESSDENIED (0x80070005) aIID={5047460a-265d-4538-b23e-ddba5fb84976} aComponent={MachineWrap} aText={The object functionality is limited}, preserve=false aResultDetail=0
00:00:04.563318 nspr-4   ERROR [COM]: aRC=NS_ERROR_FAILURE (0x80004005) aIID={5047460a-265d-4538-b23e-ddba5fb84976} aComponent={MachineWrap} aText={Runtime error opening '/home/benny/VirtualBox VMs/MSEdge - Win10_preview/MSEdge - Win10_preview.vbox' for reading: -102 (File not found.).
00:00:04.563323 nspr-4   /build/virtualbox-ccEvy7/virtualbox-6.0.4-dfsg/src/VBox/Main/src-server/MachineImpl.cpp[750] (nsresult Machine::i_registeredInit())}, preserve=false aResultDetail=0
00:00:04.564679 nspr-5   ERROR [COM]: aRC=NS_ERROR_FAILURE (0x80004005) aIID={5047460a-265d-4538-b23e-ddba5fb84976} aComponent={MachineWrap} aText={Runtime error opening '/home/benny/VirtualBox VMs/MSEdge - Win10_preview/MSEdge - Win10_preview.vbox' for reading: -102 (File not found.).
00:00:04.564686 nspr-5   /build/virtualbox-ccEvy7/virtualbox-6.0.4-dfsg/src/VBox/Main/src-server/MachineImpl.cpp[750] (nsresult Machine::i_registeredInit())}, preserve=false aResultDetail=0
00:00:04.565493 nspr-3   ERROR [COM]: aRC=NS_ERROR_FAILURE (0x80004005) aIID={5047460a-265d-4538-b23e-ddba5fb84976} aComponent={MachineWrap} aText={Runtime error opening '/home/benny/VirtualBox VMs/MSEdge - Win10_preview/MSEdge - Win10_preview.vbox' for reading: -102 (File not found.).
00:00:04.565497 nspr-3   /build/virtualbox-ccEvy7/virtualbox-6.0.4-dfsg/src/VBox/Main/src-server/MachineImpl.cpp[750] (nsresult Machine::i_registeredInit())}, preserve=false aResultDetail=0
00:00:04.566127 nspr-4   ERROR [COM]: aRC=NS_ERROR_FAILURE (0x80004005) aIID={5047460a-265d-4538-b23e-ddba5fb84976} aComponent={MachineWrap} aText={Runtime error opening '/home/benny/VirtualBox VMs/MSEdge - Win10_preview/MSEdge - Win10_preview.vbox' for reading: -102 (File not found.).
00:00:04.566130 nspr-4   /build/virtualbox-ccEvy7/virtualbox-6.0.4-dfsg/src/VBox/Main/src-server/MachineImpl.cpp[750] (nsresult Machine::i_registeredInit())}, preserve=false aResultDetail=0
00:00:04.567511 nspr-5   ERROR [COM]: aRC=NS_ERROR_FAILURE (0x80004005) aIID={5047460a-265d-4538-b23e-ddba5fb84976} aComponent={MachineWrap} aText={Runtime error opening '/home/benny/VirtualBox VMs/MSEdge - Win10_preview/MSEdge - Win10_preview.vbox' for reading: -102 (File not found.).
00:00:04.567515 nspr-5   /build/virtualbox-ccEvy7/virtualbox-6.0.4-dfsg/src/VBox/Main/src-server/MachineImpl.cpp[750] (nsresult Machine::i_registeredInit())}, preserve=false aResultDetail=0
00:00:04.568502 nspr-3   ERROR [COM]: aRC=NS_ERROR_FAILURE (0x80004005) aIID={5047460a-265d-4538-b23e-ddba5fb84976} aComponent={MachineWrap} aText={Runtime error opening '/home/benny/VirtualBox VMs/MSEdge - Win10_preview/MSEdge - Win10_preview.vbox' for reading: -102 (File not found.).
00:00:04.568506 nspr-3   /build/virtualbox-ccEvy7/virtualbox-6.0.4-dfsg/src/VBox/Main/src-server/MachineImpl.cpp[750] (nsresult Machine::i_registeredInit())}, preserve=false aResultDetail=0
00:09:55.573976 nspr-3   Import settings with version "1.15-windows"
00:09:55.574124 nspr-3   ERROR [COM]: aRC=E_ACCESSDENIED (0x80070005) aIID={5047460a-265d-4538-b23e-ddba5fb84976} aComponent={MachineWrap} aText={The object functionality is limited}, preserve=false aResultDetail=0
00:09:55.574135 nspr-3   ERROR [COM]: aRC=E_ACCESSDENIED (0x80070005) aIID={5047460a-265d-4538-b23e-ddba5fb84976} aComponent={MachineWrap} aText={The object functionality is limited}, preserve=false aResultDetail=0
00:09:55.574148 nspr-3   ERROR [COM]: aRC=VBOX_E_OBJECT_NOT_FOUND (0x80bb0001) aIID={d0a0163f-e254-4e5b-a1f2-011cf991c38d} aComponent={VirtualBoxWrap} aText={Could not find a registered machine named 'MSEdge - Win10'}, preserve=false aResultDetail=0
00:09:55.574223 nspr-3   ERROR [COM]: aRC=VBOX_E_FILE_ERROR (0x80bb0004) aIID={ad47ad09-787b-44ab-b343-a082a3f2dfb1} aComponent={MediumWrap} aText={Could not find file for the medium '/home/benny/VirtualBox VMs/MSEdge - Win10/MSEdge - Win10-disk001.vmdk' (VERR_FILE_NOT_FOUND)}, preserve=false aResultDetail=-102
00:10:07.594854 nspr-2   Saving settings file "/home/benny/.config/VirtualBox/VirtualBox.xml" with version "1.12-linux"
00:10:07.611861 nspr-3   Saving settings file "/home/benny/.config/VirtualBox/VirtualBox.xml" with version "1.12-linux"
00:10:07.627620 nspr-2   Saving settings file "/home/benny/.config/VirtualBox/VirtualBox.xml" with version "1.12-linux"
00:10:13.157316 main     VirtualBox: object deletion starts
00:10:13.402855 Watcher  ERROR [COM]: aRC=E_ACCESSDENIED (0x80070005) aIID={d0a0163f-e254-4e5b-a1f2-011cf991c38d} aComponent={VirtualBoxWrap} aText={The object is not ready}, preserve=false aResultDetail=0
00:10:18.158742 main     {00007f6b6c01aa40} HostPowerServiceLinux::~HostPowerServiceLinux: RTThreadWait() for 5000 ms failed with VERR_TIMEOUT
00:10:18.159475 main     VirtualBox: object deleted
